{
    "meta": {
        "version": "7.4.0",
        "timestamp": "2026-03-23T10:00:00",
        "branch_coverage": true,
        "show_contexts": false
    },
    "files": {
        "mypackage/module.py": {
            "executed_lines": [1, 5, 15, 20],
            "summary": {
                "covered_lines": 4,
                "num_statements": 5,
                "percent_covered": 80.0,
                "percent_covered_display": "80%",
                "missing_lines": 1,
                "excluded_lines": 0,
                "num_branches": 2,
                "covered_branches": 1,
                "percent_branches_covered": 50.0
            },
            "missing_lines": [10],
            "excluded_lines": [],
            "functions": {
                "my_function": {
                    "start_line": 10,
                    "executed_lines": [10, 15],
                    "summary": {
                        "covered_lines": 2,
                        "num_statements": 3
                    },
                    "missing_lines": [12]
                }
            }
        },
        "mypackage/utils.py": {
            "executed_lines": [1],
            "summary": {
                "covered_lines": 1,
                "num_statements": 2,
                "percent_covered": 50.0,
                "percent_covered_display": "50%",
                "missing_lines": 1,
                "excluded_lines": 0,
                "num_branches": 0,
                "covered_branches": 0,
                "percent_branches_covered": 0.0
            },
            "missing_lines": [3],
            "excluded_lines": [],
            "functions": {}
        }
    },
    "totals": {
        "covered_lines": 5,
        "num_statements": 7,
        "percent_covered": 71.43,
        "percent_covered_display": "71%",
        "missing_lines": 2,
        "excluded_lines": 0,
        "num_branches": 2,
        "covered_branches": 1,
        "percent_branches_covered": 50.0
    }
}
