<?xml version="1.0" ?>
<coverage version="7.4.0" timestamp="1711180800" lines-valid="100"
          lines-covered="87" line-rate="0.87" branches-covered="30"
          branches-valid="40" branch-rate="0.75" complexity="0">
    <packages>
        <package name="mypackage" line-rate="0.91" branch-rate="0.80"
                 complexity="1.5">
            <classes>
                <class name="module.py" filename="mypackage/module.py"
                       line-rate="0.92" branch-rate="0.85" complexity="2.1">
                    <methods/>
                    <lines>
                        <line number="1" hits="1"/>
                        <line number="5" hits="1"/>
                        <line number="10" hits="0"/>
                        <line number="15" hits="1"/>
                        <line number="20" hits="0" branch="true"
                              condition-coverage="50% (1/2)"/>
                    </lines>
                </class>
                <class name="utils.py" filename="mypackage/utils.py"
                       line-rate="0.80" branch-rate="0.70" complexity="1.0">
                    <methods/>
                    <lines>
                        <line number="1" hits="1"/>
                        <line number="3" hits="0"/>
                    </lines>
                </class>
            </classes>
        </package>
    </packages>
</coverage>
